<?xml version="1.0" encoding="UTF-8"?>
<!-- Generated by org.testng.reporters.JUnitReportReporter -->
<testsuite hostname="DESKTOP-LNNM2SL" failures="0" tests="13" name="api.Main" time="13.319" errors="0" timestamp="2022-06-02T15:09:05 IST" skipped="0">
  <testcase classname="api.Main" name="authorization_Check" time="5.308"/>
  <system-out/>
  <testcase classname="api.Main" name="null_Check_Setup4" time="1.819"/>
  <system-out/>
  <testcase classname="api.Main" name="null_Check_Cl_Address" time="1.282"/>
  <system-out/>
  <testcase classname="api.Main" name="null_Check_Cl_Address" time="0.809"/>
  <system-out/>
  <testcase classname="api.Main" name="null_Check_view_Cart_Cms" time="1.181"/>
  <system-out/>
  <testcase classname="api.Main" name="null_Check_Get_Coupons" time="0.393"/>
  <system-out/>
  <testcase classname="api.Main" name="null_Check_Order_State" time="0.757"/>
  <system-out/>
  <testcase classname="api.Main" name="null_Check_Get_City_From_Pincode" time="0.352"/>
  <system-out/>
  <testcase classname="api.Main" name="null_Check_Checkout" time="0.513"/>
  <system-out/>
  <testcase classname="api.Main" name="null_Check_Order_Details" time="0.396"/>
  <system-out/>
  <testcase classname="api.Main" name="response_Check_Set_One_Single_User_Id" time="0.315"/>
  <system-out/>
  <testcase classname="api.Main" name="response_Check_Add_Impression" time="0.181"/>
  <system-out/>
  <testcase classname="api.Main" name="print" time="0.013"/>
  <system-out/>
</testsuite> <!-- api.Main -->
