<?xml version="1.0" encoding="UTF-8"?>
<!-- Generated by org.testng.reporters.JUnitReportReporter -->
<testsuite hostname="DESKTOP-LNNM2SL" failures="0" tests="1" name="api.Main" time="9.632" errors="0" timestamp="2022-05-23T18:00:48 IST" skipped="0">
  <testcase classname="api.Main" name="test" time="9.632"/>
  <system-out/>
</testsuite> <!-- api.Main -->
