<?xml version="1.0" encoding="UTF-8"?>
<!-- Generated by org.testng.reporters.JUnitReportReporter -->
<testsuite hostname="DESKTOP-LNNM2SL" failures="0" tests="1" name="api.Main" time="7.287" errors="0" timestamp="2022-05-25T09:43:26 IST" skipped="0">
  <testcase classname="api.Main" name="test" time="7.287"/>
  <system-out/>
</testsuite> <!-- api.Main -->
