<?xml version="1.0" encoding="UTF-8"?>
<!-- Generated by org.testng.reporters.JUnitReportReporter -->
<testsuite hostname="DESKTOP-LNNM2SL" failures="0" tests="2" name="api.Main" time="6.580" errors="0" timestamp="2022-05-25T14:13:48 IST" skipped="0">
  <testcase classname="api.Main" name="authorizationCheck" time="5.320"/>
  <system-out/>
  <testcase classname="api.Main" name="nullCheck" time="1.260"/>
  <system-out/>
</testsuite> <!-- api.Main -->
