<?xml version="1.0" encoding="UTF-8"?>
<!-- Generated by org.testng.reporters.JUnitReportReporter -->
<testsuite hostname="DESKTOP-LNNM2SL" failures="0" tests="18" name="api.Main" time="9.920" errors="0" timestamp="2022-06-03T16:27:05 IST" skipped="0">
  <testcase classname="api.Main" name="authorization_Check" time="4.191"/>
  <system-out/>
  <testcase classname="api.Main" name="null_Check_Setup4" time="0.936"/>
  <system-out/>
  <testcase classname="api.Main" name="null_Check_Cl_Address" time="1.292"/>
  <system-out/>
  <testcase classname="api.Main" name="null_Check_Cl_Address" time="0.350"/>
  <system-out/>
  <testcase classname="api.Main" name="null_Check_view_Cart_Cms" time="0.360"/>
  <system-out/>
  <testcase classname="api.Main" name="null_Check_Get_Coupons" time="0.232"/>
  <system-out/>
  <testcase classname="api.Main" name="null_Check_Order_State" time="0.388"/>
  <system-out/>
  <testcase classname="api.Main" name="null_Check_Get_City_From_Pincode" time="0.228"/>
  <system-out/>
  <testcase classname="api.Main" name="null_Check_Checkout" time="0.381"/>
  <system-out/>
  <testcase classname="api.Main" name="null_Check_Order_Details" time="0.192"/>
  <system-out/>
  <testcase classname="api.Main" name="response_Check_Set_One_Single_User_Id" time="0.255"/>
  <system-out/>
  <testcase classname="api.Main" name="response_Check_Add_Impression" time="0.131"/>
  <system-out/>
  <testcase classname="api.Main" name="response_Check_Customer_Main_List" time="0.176"/>
  <system-out/>
  <testcase classname="api.Main" name="response_Check_Cx_New" time="0.147"/>
  <system-out/>
  <testcase classname="api.Main" name="response_Check_Ticket" time="0.120"/>
  <system-out/>
  <testcase classname="api.Main" name="response_Check_Image" time="0.381"/>
  <system-out/>
  <testcase classname="api.Main" name="response_Check_Language" time="0.152"/>
  <system-out/>
  <testcase classname="api.Main" name="print" time="0.008"/>
  <system-out/>
</testsuite> <!-- api.Main -->
