<?xml version="1.0" encoding="UTF-8"?>
<!-- Generated by org.testng.reporters.JUnitReportReporter -->
<testsuite hostname="DESKTOP-LNNM2SL" failures="0" tests="12" name="api.Main" time="9.184" errors="0" timestamp="2022-05-27T10:43:58 IST" skipped="0">
  <testcase classname="api.Main" name="null_Check_Order_State" time="0.177"/>
  <system-out/>
  <testcase classname="api.Main" name="null_Check_Order_Details" time="0.192"/>
  <system-out/>
  <testcase classname="api.Main" name="authorization_Check" time="5.749"/>
  <system-out/>
  <testcase classname="api.Main" name="null_Check_Cl_Address" time="0.327"/>
  <system-out/>
  <testcase classname="api.Main" name="null_Check_view_Cart_Cms" time="0.206"/>
  <system-out/>
  <testcase classname="api.Main" name="null_Check_Setup4" time="1.183"/>
  <system-out/>
  <testcase classname="api.Main" name="null_Check_Checkout" time="0.399"/>
  <system-out/>
  <testcase classname="api.Main" name="null_Check_Get_Coupons" time="0.271"/>
  <system-out/>
  <testcase classname="api.Main" name="response_Check_Set_One_Single_User_Id" time="0.179"/>
  <system-out/>
  <testcase classname="api.Main" name="null_Check_Get_City_From_Pincode" time="0.161"/>
  <system-out/>
  <testcase classname="api.Main" name="response_Check_Checkout" time="0.216"/>
  <system-out/>
  <testcase classname="api.Main" name="response_Check_Add_Impression" time="0.124"/>
  <system-out/>
</testsuite> <!-- api.Main -->
