<?xml version="1.0" encoding="UTF-8"?>
<!-- Generated by org.testng.reporters.JUnitReportReporter -->
<testsuite hostname="DESKTOP-LNNM2SL" failures="0" tests="4" name="api.Main" time="7.015" errors="0" timestamp="2022-05-26T16:46:35 IST" skipped="0">
  <testcase classname="api.Main" name="null_Check_Setup4" time="1.105"/>
  <system-out/>
  <testcase classname="api.Main" name="authorization_Check" time="5.141"/>
  <system-out/>
  <testcase classname="api.Main" name="null_Check_view_Cart_Cms" time="0.299"/>
  <system-out/>
  <testcase classname="api.Main" name="null_Check_Cl_Address" time="0.470"/>
  <system-out/>
</testsuite> <!-- api.Main -->
