<?xml version="1.0" encoding="UTF-8"?>
<!-- Generated by org.testng.reporters.JUnitReportReporter -->
<testsuite hostname="DESKTOP-LNNM2SL" failures="0" tests="13" name="api.Main" time="8.659" errors="0" timestamp="2022-05-27T18:27:19 IST" skipped="0">
  <testcase classname="api.Main" name="null_Check_Setup4" time="1.024"/>
  <system-out/>
  <testcase classname="api.Main" name="authorization_Check" time="5.170"/>
  <system-out/>
  <testcase classname="api.Main" name="null_Check_Cl_Address" time="0.525"/>
  <system-out/>
  <testcase classname="api.Main" name="null_Check_view_Cart_Cms" time="0.281"/>
  <system-out/>
  <testcase classname="api.Main" name="null_Check_Get_Coupons" time="0.230"/>
  <system-out/>
  <testcase classname="api.Main" name="null_Check_Order_State" time="0.173"/>
  <system-out/>
  <testcase classname="api.Main" name="null_Check_Get_City_From_Pincode" time="0.180"/>
  <system-out/>
  <testcase classname="api.Main" name="null_Check_Checkout" time="0.289"/>
  <system-out/>
  <testcase classname="api.Main" name="null_Check_Order_Details" time="0.176"/>
  <system-out/>
  <testcase classname="api.Main" name="response_Check_Set_One_Single_User_Id" time="0.183"/>
  <system-out/>
  <testcase classname="api.Main" name="response_Check_Add_Impression" time="0.138"/>
  <system-out/>
  <testcase classname="api.Main" name="response_Check_Checkout" time="0.259"/>
  <system-out/>
  <testcase classname="api.Main" name="print" time="0.031"/>
  <system-out/>
</testsuite> <!-- api.Main -->
